## Module report - date Tue 02 Nov 2010 09:16:21 AM CET
## Created by PcbNew version pcbnew (2010-03-14)-final
## Unit = inches, Angle = deg.
##

$BeginDESCRIPTION

$BOARD
unit INCH
upper_left_corner  2.592400  1.992400
lower_right_corner  8.857600  5.907600
$EndBOARD

$MODULE "IC3"
reference "IC3"
value "74HC573N"
footprint "74xx-eu-DIL20"
attribut virtual
position  7.200000  3.650000
orientation  270.00
layer component
$PAD "1"
position -0.450000  0.150000
size  0.052000  0.104000
drill  0.032000
shape_offset  0.000000  0.000000
orientation  0.00
Shape  Oval
Layer  all
$EndPAD
$PAD "2"
position -0.350000  0.150000
size  0.052000  0.104000
drill  0.032000
shape_offset  0.000000  0.000000
orientation  0.00
Shape  Oval
Layer  all
$EndPAD
$PAD "3"
position -0.250000  0.150000
size  0.052000  0.104000
drill  0.032000
shape_offset  0.000000  0.000000
orientation  0.00
Shape  Oval
Layer  all
$EndPAD
$PAD "4"
position -0.150000  0.150000
size  0.052000  0.104000
drill  0.032000
shape_offset  0.000000  0.000000
orientation  0.00
Shape  Oval
Layer  all
$EndPAD
$PAD "5"
position -0.050000  0.150000
size  0.052000  0.104000
drill  0.032000
shape_offset  0.000000  0.000000
orientation  0.00
Shape  Oval
Layer  all
$EndPAD
$PAD "6"
position  0.050000  0.150000
size  0.052000  0.104000
drill  0.032000
shape_offset  0.000000  0.000000
orientation  0.00
Shape  Oval
Layer  all
$EndPAD
$PAD "7"
position  0.150000  0.150000
size  0.052000  0.104000
drill  0.032000
shape_offset  0.000000  0.000000
orientation  0.00
Shape  Oval
Layer  all
$EndPAD
$PAD "8"
position  0.250000  0.150000
size  0.052000  0.104000
drill  0.032000
shape_offset  0.000000  0.000000
orientation  0.00
Shape  Oval
Layer  all
$EndPAD
$PAD "9"
position  0.350000  0.150000
size  0.052000  0.104000
drill  0.032000
shape_offset  0.000000  0.000000
orientation  0.00
Shape  Oval
Layer  all
$EndPAD
$PAD "10"
position  0.450000  0.150000
size  0.052000  0.104000
drill  0.032000
shape_offset  0.000000  0.000000
orientation  0.00
Shape  Oval
Layer  all
$EndPAD
$PAD "11"
position  0.450000 -0.150000
size  0.052000  0.104000
drill  0.032000
shape_offset  0.000000  0.000000
orientation  0.00
Shape  Oval
Layer  all
$EndPAD
$PAD "12"
position  0.350000 -0.150000
size  0.052000  0.104000
drill  0.032000
shape_offset  0.000000  0.000000
orientation  0.00
Shape  Oval
Layer  all
$EndPAD
$PAD "13"
position  0.250000 -0.150000
size  0.052000  0.104000
drill  0.032000
shape_offset  0.000000  0.000000
orientation  0.00
Shape  Oval
Layer  all
$EndPAD
$PAD "14"
position  0.150000 -0.150000
size  0.052000  0.104000
drill  0.032000
shape_offset  0.000000  0.000000
orientation  0.00
Shape  Oval
Layer  all
$EndPAD
$PAD "15"
position  0.050000 -0.150000
size  0.052000  0.104000
drill  0.032000
shape_offset  0.000000  0.000000
orientation  0.00
Shape  Oval
Layer  all
$EndPAD
$PAD "16"
position -0.050000 -0.150000
size  0.052000  0.104000
drill  0.032000
shape_offset  0.000000  0.000000
orientation  0.00
Shape  Oval
Layer  all
$EndPAD
$PAD "17"
position -0.150000 -0.150000
size  0.052000  0.104000
drill  0.032000
shape_offset  0.000000  0.000000
orientation  0.00
Shape  Oval
Layer  all
$EndPAD
$PAD "18"
position -0.250000 -0.150000
size  0.052000  0.104000
drill  0.032000
shape_offset  0.000000  0.000000
orientation  0.00
Shape  Oval
Layer  all
$EndPAD
$PAD "19"
position -0.350000 -0.150000
size  0.052000  0.104000
drill  0.032000
shape_offset  0.000000  0.000000
orientation  0.00
Shape  Oval
Layer  all
$EndPAD
$PAD "20"
position -0.450000 -0.150000
size  0.052000  0.104000
drill  0.032000
shape_offset  0.000000  0.000000
orientation  0.00
Shape  Oval
Layer  all
$EndPAD
$EndMODULE  IC3

$MODULE "IC1"
reference "IC1"
value "ATiny2123"
footprint "atmel-DIL20"
attribut virtual
position  4.050000  3.600000
orientation  90.00
layer component
$PAD "1"
position -0.450000  0.150000
size  0.052000  0.104000
drill  0.032000
shape_offset  0.000000  0.000000
orientation  0.00
Shape  Oval
Layer  all
$EndPAD
$PAD "2"
position -0.350000  0.150000
size  0.052000  0.104000
drill  0.032000
shape_offset  0.000000  0.000000
orientation  0.00
Shape  Oval
Layer  all
$EndPAD
$PAD "3"
position -0.250000  0.150000
size  0.052000  0.104000
drill  0.032000
shape_offset  0.000000  0.000000
orientation  0.00
Shape  Oval
Layer  all
$EndPAD
$PAD "4"
position -0.150000  0.150000
size  0.052000  0.104000
drill  0.032000
shape_offset  0.000000  0.000000
orientation  0.00
Shape  Oval
Layer  all
$EndPAD
$PAD "5"
position -0.050000  0.150000
size  0.052000  0.104000
drill  0.032000
shape_offset  0.000000  0.000000
orientation  0.00
Shape  Oval
Layer  all
$EndPAD
$PAD "6"
position  0.050000  0.150000
size  0.052000  0.104000
drill  0.032000
shape_offset  0.000000  0.000000
orientation  0.00
Shape  Oval
Layer  all
$EndPAD
$PAD "7"
position  0.150000  0.150000
size  0.052000  0.104000
drill  0.032000
shape_offset  0.000000  0.000000
orientation  0.00
Shape  Oval
Layer  all
$EndPAD
$PAD "8"
position  0.250000  0.150000
size  0.052000  0.104000
drill  0.032000
shape_offset  0.000000  0.000000
orientation  0.00
Shape  Oval
Layer  all
$EndPAD
$PAD "9"
position  0.350000  0.150000
size  0.052000  0.104000
drill  0.032000
shape_offset  0.000000  0.000000
orientation  0.00
Shape  Oval
Layer  all
$EndPAD
$PAD "10"
position  0.450000  0.150000
size  0.052000  0.104000
drill  0.032000
shape_offset  0.000000  0.000000
orientation  0.00
Shape  Oval
Layer  all
$EndPAD
$PAD "11"
position  0.450000 -0.150000
size  0.052000  0.104000
drill  0.032000
shape_offset  0.000000  0.000000
orientation  0.00
Shape  Oval
Layer  all
$EndPAD
$PAD "12"
position  0.350000 -0.150000
size  0.052000  0.104000
drill  0.032000
shape_offset  0.000000  0.000000
orientation  0.00
Shape  Oval
Layer  all
$EndPAD
$PAD "13"
position  0.250000 -0.150000
size  0.052000  0.104000
drill  0.032000
shape_offset  0.000000  0.000000
orientation  0.00
Shape  Oval
Layer  all
$EndPAD
$PAD "14"
position  0.150000 -0.150000
size  0.052000  0.104000
drill  0.032000
shape_offset  0.000000  0.000000
orientation  0.00
Shape  Oval
Layer  all
$EndPAD
$PAD "15"
position  0.050000 -0.150000
size  0.052000  0.104000
drill  0.032000
shape_offset  0.000000  0.000000
orientation  0.00
Shape  Oval
Layer  all
$EndPAD
$PAD "16"
position -0.050000 -0.150000
size  0.052000  0.104000
drill  0.032000
shape_offset  0.000000  0.000000
orientation  0.00
Shape  Oval
Layer  all
$EndPAD
$PAD "17"
position -0.150000 -0.150000
size  0.052000  0.104000
drill  0.032000
shape_offset  0.000000  0.000000
orientation  0.00
Shape  Oval
Layer  all
$EndPAD
$PAD "18"
position -0.250000 -0.150000
size  0.052000  0.104000
drill  0.032000
shape_offset  0.000000  0.000000
orientation  0.00
Shape  Oval
Layer  all
$EndPAD
$PAD "19"
position -0.350000 -0.150000
size  0.052000  0.104000
drill  0.032000
shape_offset  0.000000  0.000000
orientation  0.00
Shape  Oval
Layer  all
$EndPAD
$PAD "20"
position -0.450000 -0.150000
size  0.052000  0.104000
drill  0.032000
shape_offset  0.000000  0.000000
orientation  0.00
Shape  Oval
Layer  all
$EndPAD
$EndMODULE  IC1

$MODULE "IC2"
reference "IC2"
value "ATMega162"
footprint "atmel-DIL40"
attribut virtual
position  6.400000  4.150000
orientation  270.00
layer component
$PAD "1"
position -0.950000  0.300000
size  0.052000  0.104000
drill  0.032000
shape_offset  0.000000  0.000000
orientation  0.00
Shape  Oval
Layer  all
$EndPAD
$PAD "2"
position -0.850000  0.300000
size  0.052000  0.104000
drill  0.032000
shape_offset  0.000000  0.000000
orientation  0.00
Shape  Oval
Layer  all
$EndPAD
$PAD "3"
position -0.750000  0.300000
size  0.052000  0.104000
drill  0.032000
shape_offset  0.000000  0.000000
orientation  0.00
Shape  Oval
Layer  all
$EndPAD
$PAD "4"
position -0.650000  0.300000
size  0.052000  0.104000
drill  0.032000
shape_offset  0.000000  0.000000
orientation  0.00
Shape  Oval
Layer  all
$EndPAD
$PAD "5"
position -0.550000  0.300000
size  0.052000  0.104000
drill  0.032000
shape_offset  0.000000  0.000000
orientation  0.00
Shape  Oval
Layer  all
$EndPAD
$PAD "6"
position -0.450000  0.300000
size  0.052000  0.104000
drill  0.032000
shape_offset  0.000000  0.000000
orientation  0.00
Shape  Oval
Layer  all
$EndPAD
$PAD "7"
position -0.350000  0.300000
size  0.052000  0.104000
drill  0.032000
shape_offset  0.000000  0.000000
orientation  0.00
Shape  Oval
Layer  all
$EndPAD
$PAD "8"
position -0.250000  0.300000
size  0.052000  0.104000
drill  0.032000
shape_offset  0.000000  0.000000
orientation  0.00
Shape  Oval
Layer  all
$EndPAD
$PAD "9"
position -0.150000  0.300000
size  0.052000  0.104000
drill  0.032000
shape_offset  0.000000  0.000000
orientation  0.00
Shape  Oval
Layer  all
$EndPAD
$PAD "10"
position -0.050000  0.300000
size  0.052000  0.104000
drill  0.032000
shape_offset  0.000000  0.000000
orientation  0.00
Shape  Oval
Layer  all
$EndPAD
$PAD "11"
position  0.050000  0.300000
size  0.052000  0.104000
drill  0.032000
shape_offset  0.000000  0.000000
orientation  0.00
Shape  Oval
Layer  all
$EndPAD
$PAD "12"
position  0.150000  0.300000
size  0.052000  0.104000
drill  0.032000
shape_offset  0.000000  0.000000
orientation  0.00
Shape  Oval
Layer  all
$EndPAD
$PAD "13"
position  0.250000  0.300000
size  0.052000  0.104000
drill  0.032000
shape_offset  0.000000  0.000000
orientation  0.00
Shape  Oval
Layer  all
$EndPAD
$PAD "14"
position  0.350000  0.300000
size  0.052000  0.104000
drill  0.032000
shape_offset  0.000000  0.000000
orientation  0.00
Shape  Oval
Layer  all
$EndPAD
$PAD "15"
position  0.450000  0.300000
size  0.052000  0.104000
drill  0.032000
shape_offset  0.000000  0.000000
orientation  0.00
Shape  Oval
Layer  all
$EndPAD
$PAD "16"
position  0.550000  0.300000
size  0.052000  0.104000
drill  0.032000
shape_offset  0.000000  0.000000
orientation  0.00
Shape  Oval
Layer  all
$EndPAD
$PAD "17"
position  0.650000  0.300000
size  0.052000  0.104000
drill  0.032000
shape_offset  0.000000  0.000000
orientation  0.00
Shape  Oval
Layer  all
$EndPAD
$PAD "18"
position  0.750000  0.300000
size  0.052000  0.104000
drill  0.032000
shape_offset  0.000000  0.000000
orientation  0.00
Shape  Oval
Layer  all
$EndPAD
$PAD "19"
position  0.850000  0.300000
size  0.052000  0.104000
drill  0.032000
shape_offset  0.000000  0.000000
orientation  0.00
Shape  Oval
Layer  all
$EndPAD
$PAD "20"
position  0.950000  0.300000
size  0.052000  0.104000
drill  0.032000
shape_offset  0.000000  0.000000
orientation  0.00
Shape  Oval
Layer  all
$EndPAD
$PAD "21"
position  0.950000 -0.300000
size  0.052000  0.104000
drill  0.032000
shape_offset  0.000000  0.000000
orientation  0.00
Shape  Oval
Layer  all
$EndPAD
$PAD "22"
position  0.850000 -0.300000
size  0.052000  0.104000
drill  0.032000
shape_offset  0.000000  0.000000
orientation  0.00
Shape  Oval
Layer  all
$EndPAD
$PAD "23"
position  0.750000 -0.300000
size  0.052000  0.104000
drill  0.032000
shape_offset  0.000000  0.000000
orientation  0.00
Shape  Oval
Layer  all
$EndPAD
$PAD "24"
position  0.650000 -0.300000
size  0.052000  0.104000
drill  0.032000
shape_offset  0.000000  0.000000
orientation  0.00
Shape  Oval
Layer  all
$EndPAD
$PAD "25"
position  0.550000 -0.300000
size  0.052000  0.104000
drill  0.032000
shape_offset  0.000000  0.000000
orientation  0.00
Shape  Oval
Layer  all
$EndPAD
$PAD "26"
position  0.450000 -0.300000
size  0.052000  0.104000
drill  0.032000
shape_offset  0.000000  0.000000
orientation  0.00
Shape  Oval
Layer  all
$EndPAD
$PAD "27"
position  0.350000 -0.300000
size  0.052000  0.104000
drill  0.032000
shape_offset  0.000000  0.000000
orientation  0.00
Shape  Oval
Layer  all
$EndPAD
$PAD "28"
position  0.250000 -0.300000
size  0.052000  0.104000
drill  0.032000
shape_offset  0.000000  0.000000
orientation  0.00
Shape  Oval
Layer  all
$EndPAD
$PAD "29"
position  0.150000 -0.300000
size  0.052000  0.104000
drill  0.032000
shape_offset  0.000000  0.000000
orientation  0.00
Shape  Oval
Layer  all
$EndPAD
$PAD "30"
position  0.050000 -0.300000
size  0.052000  0.104000
drill  0.032000
shape_offset  0.000000  0.000000
orientation  0.00
Shape  Oval
Layer  all
$EndPAD
$PAD "31"
position -0.050000 -0.300000
size  0.052000  0.104000
drill  0.032000
shape_offset  0.000000  0.000000
orientation  0.00
Shape  Oval
Layer  all
$EndPAD
$PAD "32"
position -0.150000 -0.300000
size  0.052000  0.104000
drill  0.032000
shape_offset  0.000000  0.000000
orientation  0.00
Shape  Oval
Layer  all
$EndPAD
$PAD "33"
position -0.250000 -0.300000
size  0.052000  0.104000
drill  0.032000
shape_offset  0.000000  0.000000
orientation  0.00
Shape  Oval
Layer  all
$EndPAD
$PAD "34"
position -0.350000 -0.300000
size  0.052000  0.104000
drill  0.032000
shape_offset  0.000000  0.000000
orientation  0.00
Shape  Oval
Layer  all
$EndPAD
$PAD "35"
position -0.450000 -0.300000
size  0.052000  0.104000
drill  0.032000
shape_offset  0.000000  0.000000
orientation  0.00
Shape  Oval
Layer  all
$EndPAD
$PAD "36"
position -0.550000 -0.300000
size  0.052000  0.104000
drill  0.032000
shape_offset  0.000000  0.000000
orientation  0.00
Shape  Oval
Layer  all
$EndPAD
$PAD "37"
position -0.650000 -0.300000
size  0.052000  0.104000
drill  0.032000
shape_offset  0.000000  0.000000
orientation  0.00
Shape  Oval
Layer  all
$EndPAD
$PAD "38"
position -0.750000 -0.300000
size  0.052000  0.104000
drill  0.032000
shape_offset  0.000000  0.000000
orientation  0.00
Shape  Oval
Layer  all
$EndPAD
$PAD "39"
position -0.850000 -0.300000
size  0.052000  0.104000
drill  0.032000
shape_offset  0.000000  0.000000
orientation  0.00
Shape  Oval
Layer  all
$EndPAD
$PAD "40"
position -0.950000 -0.300000
size  0.052000  0.104000
drill  0.032000
shape_offset  0.000000  0.000000
orientation  0.00
Shape  Oval
Layer  all
$EndPAD
$EndMODULE  IC2

$MODULE "X1"
reference "X1"
value "PN61729-S"
footprint "con-berg-PN61729-S"
attribut virtual
position  3.000000  3.500000
orientation  270.00
layer component
$PAD "1"
position  0.049200 -0.185400
size  0.057400  0.114800
drill  0.037400
shape_offset  0.000000  0.000000
orientation  0.00
Shape  Circ
Layer  all
$EndPAD
$PAD "2"
position -0.049200 -0.185400
size  0.057400  0.114800
drill  0.037400
shape_offset  0.000000  0.000000
orientation  0.00
Shape  Circ
Layer  all
$EndPAD
$PAD "3"
position -0.049200 -0.106600
size  0.057400  0.114800
drill  0.037400
shape_offset  0.000000  0.000000
orientation  0.00
Shape  Circ
Layer  all
$EndPAD
$PAD "4"
position  0.049200 -0.106600
size  0.057400  0.114800
drill  0.037400
shape_offset  0.000000  0.000000
orientation  0.00
Shape  Circ
Layer  all
$EndPAD
$PAD "S1"
position -0.237000  0.000000
size  0.114100  0.114100
drill  0.090500
shape_offset  0.000000  0.000000
orientation  0.00
Shape  Circ
Layer  all
$EndPAD
$PAD "S2"
position  0.237000  0.000000
size  0.114100  0.114100
drill  0.090500
shape_offset  0.000000  0.000000
orientation  0.00
Shape  Circ
Layer  all
$EndPAD
$EndMODULE  X1

$MODULE "SV1"
reference "SV1"
value "ML10"
footprint "con-harting-ml-ML10"
attribut virtual
position  5.600000  4.000000
orientation  90.00
layer component
$PAD "1"
position -0.200000  0.050000
size  0.056000  0.112000
drill  0.036000
shape_offset  0.000000  0.000000
orientation  0.00
Shape  Circ
Layer  all
$EndPAD
$PAD "2"
position -0.200000 -0.050000
size  0.056000  0.112000
drill  0.036000
shape_offset  0.000000  0.000000
orientation  0.00
Shape  Circ
Layer  all
$EndPAD
$PAD "3"
position -0.100000  0.050000
size  0.056000  0.112000
drill  0.036000
shape_offset  0.000000  0.000000
orientation  0.00
Shape  Circ
Layer  all
$EndPAD
$PAD "4"
position -0.100000 -0.050000
size  0.056000  0.112000
drill  0.036000
shape_offset  0.000000  0.000000
orientation  0.00
Shape  Circ
Layer  all
$EndPAD
$PAD "5"
position  0.000000  0.050000
size  0.056000  0.112000
drill  0.036000
shape_offset  0.000000  0.000000
orientation  0.00
Shape  Circ
Layer  all
$EndPAD
$PAD "6"
position  0.000000 -0.050000
size  0.056000  0.112000
drill  0.036000
shape_offset  0.000000  0.000000
orientation  0.00
Shape  Circ
Layer  all
$EndPAD
$PAD "7"
position  0.100000  0.050000
size  0.056000  0.112000
drill  0.036000
shape_offset  0.000000  0.000000
orientation  0.00
Shape  Circ
Layer  all
$EndPAD
$PAD "8"
position  0.100000 -0.050000
size  0.056000  0.112000
drill  0.036000
shape_offset  0.000000  0.000000
orientation  0.00
Shape  Circ
Layer  all
$EndPAD
$PAD "9"
position  0.200000  0.050000
size  0.056000  0.112000
drill  0.036000
shape_offset  0.000000  0.000000
orientation  0.00
Shape  Circ
Layer  all
$EndPAD
$PAD "10"
position  0.200000 -0.050000
size  0.056000  0.112000
drill  0.036000
shape_offset  0.000000  0.000000
orientation  0.00
Shape  Circ
Layer  all
$EndPAD
$EndMODULE  SV1

$MODULE "SV2"
reference "SV2"
value "ML14"
footprint "con-harting-ml-ML14"
attribut virtual
position  5.600000  3.050000
orientation  90.00
layer component
$PAD "1"
position -0.300000  0.050000
size  0.056000  0.112000
drill  0.036000
shape_offset  0.000000  0.000000
orientation  0.00
Shape  Circ
Layer  all
$EndPAD
$PAD "2"
position -0.300000 -0.050000
size  0.056000  0.112000
drill  0.036000
shape_offset  0.000000  0.000000
orientation  0.00
Shape  Circ
Layer  all
$EndPAD
$PAD "3"
position -0.200000  0.050000
size  0.056000  0.112000
drill  0.036000
shape_offset  0.000000  0.000000
orientation  0.00
Shape  Circ
Layer  all
$EndPAD
$PAD "4"
position -0.200000 -0.050000
size  0.056000  0.112000
drill  0.036000
shape_offset  0.000000  0.000000
orientation  0.00
Shape  Circ
Layer  all
$EndPAD
$PAD "5"
position -0.100000  0.050000
size  0.056000  0.112000
drill  0.036000
shape_offset  0.000000  0.000000
orientation  0.00
Shape  Circ
Layer  all
$EndPAD
$PAD "6"
position -0.100000 -0.050000
size  0.056000  0.112000
drill  0.036000
shape_offset  0.000000  0.000000
orientation  0.00
Shape  Circ
Layer  all
$EndPAD
$PAD "7"
position  0.000000  0.050000
size  0.056000  0.112000
drill  0.036000
shape_offset  0.000000  0.000000
orientation  0.00
Shape  Circ
Layer  all
$EndPAD
$PAD "8"
position  0.000000 -0.050000
size  0.056000  0.112000
drill  0.036000
shape_offset  0.000000  0.000000
orientation  0.00
Shape  Circ
Layer  all
$EndPAD
$PAD "9"
position  0.100000  0.050000
size  0.056000  0.112000
drill  0.036000
shape_offset  0.000000  0.000000
orientation  0.00
Shape  Circ
Layer  all
$EndPAD
$PAD "10"
position  0.100000 -0.050000
size  0.056000  0.112000
drill  0.036000
shape_offset  0.000000  0.000000
orientation  0.00
Shape  Circ
Layer  all
$EndPAD
$PAD "11"
position  0.200000  0.050000
size  0.056000  0.112000
drill  0.036000
shape_offset  0.000000  0.000000
orientation  0.00
Shape  Circ
Layer  all
$EndPAD
$PAD "12"
position  0.200000 -0.050000
size  0.056000  0.112000
drill  0.036000
shape_offset  0.000000  0.000000
orientation  0.00
Shape  Circ
Layer  all
$EndPAD
$PAD "13"
position  0.300000  0.050000
size  0.056000  0.112000
drill  0.036000
shape_offset  0.000000  0.000000
orientation  0.00
Shape  Circ
Layer  all
$EndPAD
$PAD "14"
position  0.300000 -0.050000
size  0.056000  0.112000
drill  0.036000
shape_offset  0.000000  0.000000
orientation  0.00
Shape  Circ
Layer  all
$EndPAD
$EndMODULE  SV2

$MODULE "Q2"
reference "Q2"
value "16MHz"
footprint "crystal-HC49U70"
attribut virtual
position  5.600000  4.950000
orientation  90.00
layer component
$PAD "1"
position -0.095000  0.000000
size  0.052000  0.052000
drill  0.032000
shape_offset  0.000000  0.000000
orientation  0.00
Shape  Circ
Layer  all
$EndPAD
$PAD "2"
position  0.095000  0.000000
size  0.052000  0.052000
drill  0.032000
shape_offset  0.000000  0.000000
orientation  0.00
Shape  Circ
Layer  all
$EndPAD
$EndMODULE  Q2

$MODULE "Q1"
reference "Q1"
value "12MHz"
footprint "crystal-HC49U70"
attribut virtual
position  4.550000  3.600000
orientation  270.00
layer component
$PAD "1"
position -0.095000  0.000000
size  0.052000  0.052000
drill  0.032000
shape_offset  0.000000  0.000000
orientation  0.00
Shape  Circ
Layer  all
$EndPAD
$PAD "2"
position  0.095000  0.000000
size  0.052000  0.052000
drill  0.032000
shape_offset  0.000000  0.000000
orientation  0.00
Shape  Circ
Layer  all
$EndPAD
$EndMODULE  Q1

$MODULE "LED1"
reference "LED1"
value "RED"
footprint "led-LED3MM"
attribut virtual
position  5.600000  4.550000
orientation  0.00
layer component
$PAD "A"
position -0.050000  0.000000
size  0.052000  0.104000
drill  0.032000
shape_offset  0.000000  0.000000
orientation  0.00
Shape  Circ
Layer  all
$EndPAD
$PAD "K"
position  0.050000  0.000000
size  0.052000  0.104000
drill  0.032000
shape_offset  0.000000  0.000000
orientation  0.00
Shape  Circ
Layer  all
$EndPAD
$EndMODULE  LED1

$MODULE "LED2"
reference "LED2"
value "RED"
footprint "led-LED3MM"
attribut virtual
position  3.700000  4.250000
orientation  0.00
layer component
$PAD "A"
position -0.050000  0.000000
size  0.052000  0.104000
drill  0.032000
shape_offset  0.000000  0.000000
orientation  0.00
Shape  Circ
Layer  all
$EndPAD
$PAD "K"
position  0.050000  0.000000
size  0.052000  0.104000
drill  0.032000
shape_offset  0.000000  0.000000
orientation  0.00
Shape  Circ
Layer  all
$EndPAD
$EndMODULE  LED2

$MODULE "IC4"
reference "IC4"
value "62256P"
footprint "memory-hitachi-DIL28-6"
attribut virtual
position  8.150000  3.750000
orientation  270.00
layer component
$PAD "1"
position -0.650000  0.300000
size  0.052000  0.104000
drill  0.032000
shape_offset  0.000000  0.000000
orientation  0.00
Shape  Oval
Layer  all
$EndPAD
$PAD "2"
position -0.550000  0.300000
size  0.052000  0.104000
drill  0.032000
shape_offset  0.000000  0.000000
orientation  0.00
Shape  Oval
Layer  all
$EndPAD
$PAD "3"
position -0.450000  0.300000
size  0.052000  0.104000
drill  0.032000
shape_offset  0.000000  0.000000
orientation  0.00
Shape  Oval
Layer  all
$EndPAD
$PAD "4"
position -0.350000  0.300000
size  0.052000  0.104000
drill  0.032000
shape_offset  0.000000  0.000000
orientation  0.00
Shape  Oval
Layer  all
$EndPAD
$PAD "5"
position -0.250000  0.300000
size  0.052000  0.104000
drill  0.032000
shape_offset  0.000000  0.000000
orientation  0.00
Shape  Oval
Layer  all
$EndPAD
$PAD "6"
position -0.150000  0.300000
size  0.052000  0.104000
drill  0.032000
shape_offset  0.000000  0.000000
orientation  0.00
Shape  Oval
Layer  all
$EndPAD
$PAD "7"
position -0.050000  0.300000
size  0.052000  0.104000
drill  0.032000
shape_offset  0.000000  0.000000
orientation  0.00
Shape  Oval
Layer  all
$EndPAD
$PAD "8"
position  0.050000  0.300000
size  0.052000  0.104000
drill  0.032000
shape_offset  0.000000  0.000000
orientation  0.00
Shape  Oval
Layer  all
$EndPAD
$PAD "9"
position  0.150000  0.300000
size  0.052000  0.104000
drill  0.032000
shape_offset  0.000000  0.000000
orientation  0.00
Shape  Oval
Layer  all
$EndPAD
$PAD "10"
position  0.250000  0.300000
size  0.052000  0.104000
drill  0.032000
shape_offset  0.000000  0.000000
orientation  0.00
Shape  Oval
Layer  all
$EndPAD
$PAD "11"
position  0.350000  0.300000
size  0.052000  0.104000
drill  0.032000
shape_offset  0.000000  0.000000
orientation  0.00
Shape  Oval
Layer  all
$EndPAD
$PAD "12"
position  0.450000  0.300000
size  0.052000  0.104000
drill  0.032000
shape_offset  0.000000  0.000000
orientation  0.00
Shape  Oval
Layer  all
$EndPAD
$PAD "13"
position  0.550000  0.300000
size  0.052000  0.104000
drill  0.032000
shape_offset  0.000000  0.000000
orientation  0.00
Shape  Oval
Layer  all
$EndPAD
$PAD "14"
position  0.650000  0.300000
size  0.052000  0.104000
drill  0.032000
shape_offset  0.000000  0.000000
orientation  0.00
Shape  Oval
Layer  all
$EndPAD
$PAD "15"
position  0.650000 -0.300000
size  0.052000  0.104000
drill  0.032000
shape_offset  0.000000  0.000000
orientation  0.00
Shape  Oval
Layer  all
$EndPAD
$PAD "16"
position  0.550000 -0.300000
size  0.052000  0.104000
drill  0.032000
shape_offset  0.000000  0.000000
orientation  0.00
Shape  Oval
Layer  all
$EndPAD
$PAD "17"
position  0.450000 -0.300000
size  0.052000  0.104000
drill  0.032000
shape_offset  0.000000  0.000000
orientation  0.00
Shape  Oval
Layer  all
$EndPAD
$PAD "18"
position  0.350000 -0.300000
size  0.052000  0.104000
drill  0.032000
shape_offset  0.000000  0.000000
orientation  0.00
Shape  Oval
Layer  all
$EndPAD
$PAD "19"
position  0.250000 -0.300000
size  0.052000  0.104000
drill  0.032000
shape_offset  0.000000  0.000000
orientation  0.00
Shape  Oval
Layer  all
$EndPAD
$PAD "20"
position  0.150000 -0.300000
size  0.052000  0.104000
drill  0.032000
shape_offset  0.000000  0.000000
orientation  0.00
Shape  Oval
Layer  all
$EndPAD
$PAD "21"
position  0.050000 -0.300000
size  0.052000  0.104000
drill  0.032000
shape_offset  0.000000  0.000000
orientation  0.00
Shape  Oval
Layer  all
$EndPAD
$PAD "22"
position -0.050000 -0.300000
size  0.052000  0.104000
drill  0.032000
shape_offset  0.000000  0.000000
orientation  0.00
Shape  Oval
Layer  all
$EndPAD
$PAD "23"
position -0.150000 -0.300000
size  0.052000  0.104000
drill  0.032000
shape_offset  0.000000  0.000000
orientation  0.00
Shape  Oval
Layer  all
$EndPAD
$PAD "24"
position -0.250000 -0.300000
size  0.052000  0.104000
drill  0.032000
shape_offset  0.000000  0.000000
orientation  0.00
Shape  Oval
Layer  all
$EndPAD
$PAD "25"
position -0.350000 -0.300000
size  0.052000  0.104000
drill  0.032000
shape_offset  0.000000  0.000000
orientation  0.00
Shape  Oval
Layer  all
$EndPAD
$PAD "26"
position -0.450000 -0.300000
size  0.052000  0.104000
drill  0.032000
shape_offset  0.000000  0.000000
orientation  0.00
Shape  Oval
Layer  all
$EndPAD
$PAD "27"
position -0.550000 -0.300000
size  0.052000  0.104000
drill  0.032000
shape_offset  0.000000  0.000000
orientation  0.00
Shape  Oval
Layer  all
$EndPAD
$PAD "28"
position -0.650000 -0.300000
size  0.052000  0.104000
drill  0.032000
shape_offset  0.000000  0.000000
orientation  0.00
Shape  Oval
Layer  all
$EndPAD
$EndMODULE  IC4

$MODULE "R3"
reference "R3"
value "68"
footprint "rcl-0204/7"
attribut virtual
position  4.050000  2.800000
orientation  180.00
layer component
$PAD "1"
position -0.150000  0.000000
size  0.052000  0.104000
drill  0.032000
shape_offset  0.000000  0.000000
orientation  0.00
Shape  Circ
Layer  all
$EndPAD
$PAD "2"
position  0.150000  0.000000
size  0.052000  0.104000
drill  0.032000
shape_offset  0.000000  0.000000
orientation  0.00
Shape  Circ
Layer  all
$EndPAD
$EndMODULE  R3

$MODULE "R2"
reference "R2"
value "68"
footprint "rcl-0204/7"
attribut virtual
position  4.050000  2.950000
orientation  180.00
layer component
$PAD "1"
position -0.150000  0.000000
size  0.052000  0.104000
drill  0.032000
shape_offset  0.000000  0.000000
orientation  0.00
Shape  Circ
Layer  all
$EndPAD
$PAD "2"
position  0.150000  0.000000
size  0.052000  0.104000
drill  0.032000
shape_offset  0.000000  0.000000
orientation  0.00
Shape  Circ
Layer  all
$EndPAD
$EndMODULE  R2

$MODULE "R4"
reference "R4"
value "1k"
footprint "rcl-0204/7"
attribut virtual
position  5.850000  4.250000
orientation  90.00
layer component
$PAD "1"
position -0.150000  0.000000
size  0.052000  0.104000
drill  0.032000
shape_offset  0.000000  0.000000
orientation  0.00
Shape  Circ
Layer  all
$EndPAD
$PAD "2"
position  0.150000  0.000000
size  0.052000  0.104000
drill  0.032000
shape_offset  0.000000  0.000000
orientation  0.00
Shape  Circ
Layer  all
$EndPAD
$EndMODULE  R4

$MODULE "R5"
reference "R5"
value "1k5"
footprint "rcl-0204/7"
attribut virtual
position  3.650000  3.600000
orientation  90.00
layer component
$PAD "1"
position -0.150000  0.000000
size  0.052000  0.104000
drill  0.032000
shape_offset  0.000000  0.000000
orientation  0.00
Shape  Circ
Layer  all
$EndPAD
$PAD "2"
position  0.150000  0.000000
size  0.052000  0.104000
drill  0.032000
shape_offset  0.000000  0.000000
orientation  0.00
Shape  Circ
Layer  all
$EndPAD
$EndMODULE  R5

$MODULE "R6"
reference "R6"
value "10k"
footprint "rcl-0204/7"
attribut virtual
position  4.550000  3.950000
orientation  0.00
layer component
$PAD "1"
position -0.150000  0.000000
size  0.052000  0.104000
drill  0.032000
shape_offset  0.000000  0.000000
orientation  0.00
Shape  Circ
Layer  all
$EndPAD
$PAD "2"
position  0.150000  0.000000
size  0.052000  0.104000
drill  0.032000
shape_offset  0.000000  0.000000
orientation  0.00
Shape  Circ
Layer  all
$EndPAD
$EndMODULE  R6

$MODULE "R7"
reference "R7"
value "470"
footprint "rcl-0204/7"
attribut virtual
position  4.550000  4.050000
orientation  0.00
layer component
$PAD "1"
position -0.150000  0.000000
size  0.052000  0.104000
drill  0.032000
shape_offset  0.000000  0.000000
orientation  0.00
Shape  Circ
Layer  all
$EndPAD
$PAD "2"
position  0.150000  0.000000
size  0.052000  0.104000
drill  0.032000
shape_offset  0.000000  0.000000
orientation  0.00
Shape  Circ
Layer  all
$EndPAD
$EndMODULE  R7

$MODULE "C3"
reference "C3"
value "100n"
footprint "rcl-C025-025X050"
attribut virtual
position  8.150000  2.900000
orientation  0.00
layer component
$PAD "1"
position -0.050000  0.000000
size  0.052000  0.104000
drill  0.032000
shape_offset  0.000000  0.000000
orientation  0.00
Shape  Circ
Layer  all
$EndPAD
$PAD "2"
position  0.050000  0.000000
size  0.052000  0.104000
drill  0.032000
shape_offset  0.000000  0.000000
orientation  0.00
Shape  Circ
Layer  all
$EndPAD
$EndMODULE  C3

$MODULE "C1"
reference "C1"
value "12p"
footprint "rcl-C025-040X050"
attribut virtual
position  4.900000  3.700000
orientation  0.00
layer component
$PAD "1"
position -0.050000  0.000000
size  0.052000  0.104000
drill  0.032000
shape_offset  0.000000  0.000000
orientation  0.00
Shape  Circ
Layer  all
$EndPAD
$PAD "2"
position  0.050000  0.000000
size  0.052000  0.104000
drill  0.032000
shape_offset  0.000000  0.000000
orientation  0.00
Shape  Circ
Layer  all
$EndPAD
$EndMODULE  C1

$MODULE "C2"
reference "C2"
value "12p"
footprint "rcl-C025-040X050"
attribut virtual
position  4.900000  3.500000
orientation  0.00
layer component
$PAD "1"
position -0.050000  0.000000
size  0.052000  0.104000
drill  0.032000
shape_offset  0.000000  0.000000
orientation  0.00
Shape  Circ
Layer  all
$EndPAD
$PAD "2"
position  0.050000  0.000000
size  0.052000  0.104000
drill  0.032000
shape_offset  0.000000  0.000000
orientation  0.00
Shape  Circ
Layer  all
$EndPAD
$EndMODULE  C2

$MODULE "C4"
reference "C4"
value "33p"
footprint "rcl-C025-040X050"
attribut virtual
position  5.250000  4.850000
orientation  180.00
layer component
$PAD "1"
position -0.050000  0.000000
size  0.052000  0.104000
drill  0.032000
shape_offset  0.000000  0.000000
orientation  0.00
Shape  Circ
Layer  all
$EndPAD
$PAD "2"
position  0.050000  0.000000
size  0.052000  0.104000
drill  0.032000
shape_offset  0.000000  0.000000
orientation  0.00
Shape  Circ
Layer  all
$EndPAD
$EndMODULE  C4

$MODULE "C5"
reference "C5"
value "33p"
footprint "rcl-C025-040X050"
attribut virtual
position  5.250000  5.050000
orientation  180.00
layer component
$PAD "1"
position -0.050000  0.000000
size  0.052000  0.104000
drill  0.032000
shape_offset  0.000000  0.000000
orientation  0.00
Shape  Circ
Layer  all
$EndPAD
$PAD "2"
position  0.050000  0.000000
size  0.052000  0.104000
drill  0.032000
shape_offset  0.000000  0.000000
orientation  0.00
Shape  Circ
Layer  all
$EndPAD
$EndMODULE  C5

$MODULE "C6"
reference "C6"
value "100n"
footprint "rcl-C050-024X044"
attribut virtual
position  4.050000  4.250000
orientation  0.00
layer component
$PAD "1"
position -0.100000  0.000000
size  0.052000  0.104000
drill  0.032000
shape_offset  0.000000  0.000000
orientation  0.00
Shape  Circ
Layer  all
$EndPAD
$PAD "2"
position  0.100000  0.000000
size  0.052000  0.104000
drill  0.032000
shape_offset  0.000000  0.000000
orientation  0.00
Shape  Circ
Layer  all
$EndPAD
$EndMODULE  C6

$MODULE "C7"
reference "C7"
value "100n"
footprint "rcl-C050-024X044"
attribut virtual
position  6.400000  3.000000
orientation  180.00
layer component
$PAD "1"
position -0.100000  0.000000
size  0.052000  0.104000
drill  0.032000
shape_offset  0.000000  0.000000
orientation  0.00
Shape  Circ
Layer  all
$EndPAD
$PAD "2"
position  0.100000  0.000000
size  0.052000  0.104000
drill  0.032000
shape_offset  0.000000  0.000000
orientation  0.00
Shape  Circ
Layer  all
$EndPAD
$EndMODULE  C7

$MODULE "L1"
reference "L1"
value "EMI"
footprint "rcl-IR-4"
attribut virtual
position  3.400000  4.250000
orientation  270.00
layer component
$PAD "1"
position -0.263900  0.000000
size  0.066000  0.066000
drill  0.039300
shape_offset  0.000000  0.000000
orientation  0.00
Shape  Circ
Layer  all
$EndPAD
$PAD "2"
position  0.264900  0.000000
size  0.066000  0.066000
drill  0.039300
shape_offset  0.000000  0.000000
orientation  0.00
Shape  Circ
Layer  all
$EndPAD
$EndMODULE  L1

$MODULE "C8"
reference "C8"
value "100n"
footprint "rcl-C025-025X050"
attribut virtual
position  7.200000  3.000000
orientation  180.00
layer component
$PAD "1"
position -0.050000  0.000000
size  0.052000  0.104000
drill  0.032000
shape_offset  0.000000  0.000000
orientation  0.00
Shape  Circ
Layer  all
$EndPAD
$PAD "2"
position  0.050000  0.000000
size  0.052000  0.104000
drill  0.032000
shape_offset  0.000000  0.000000
orientation  0.00
Shape  Circ
Layer  all
$EndPAD
$EndMODULE  C8

$LINE 
start 2.600000 5.900000
end 2.600000 2.000000
width 0.015000
$EndLINE 
$LINE 
start 8.850000 5.900000
end 2.600000 5.900000
width 0.015000
$EndLINE 
$LINE 
start 8.850000 2.000000
end 8.850000 5.900000
width 0.015000
$EndLINE 
$LINE 
start 2.600000 2.000000
end 8.850000 2.000000
width 0.015000
$EndLINE 
$EndDESCRIPTION
